<?xml version="1.0" encoding="UTF-8"?>
<!-- Generated by org.testng.reporters.JUnitReportReporter -->
<testsuite hostname="UvarajaugamsMBP.lan" failures="0" tests="3" name="SeleniumFramework.SeleniumFramework.ErrorValidation" time="102.892" errors="0" timestamp="2024-05-30T15:30:17 EDT" skipped="1">
  <testcase classname="SeleniumFramework.SeleniumFramework.ErrorValidation" name="productErrorValidation" time="8.277"/>
  <testcase classname="SeleniumFramework.SeleniumFramework.ErrorValidation" name="loginErrorValidation" time="88.004">
    <skipped/>
  </testcase> <!-- loginErrorValidation -->
  <testcase classname="SeleniumFramework.SeleniumFramework.ErrorValidation" name="loginErrorValidation" time="6.611"/>
</testsuite> <!-- SeleniumFramework.SeleniumFramework.ErrorValidation -->
